<?xml version="1.0" encoding="UTF-8"?>
<!-- Generated by org.testng.reporters.JUnitReportReporter -->
<testsuite hostname="DESKTOP-KU9DNDF" failures="0" tests="1" name="testNG_Practices.Child_Class" time="0.025" errors="0" timestamp="2024-11-17T17:30:32 IST" skipped="0">
  <testcase classname="testNG_Practices.Child_Class" name="method" time="0.025"/>
  <system-out/>
</testsuite> <!-- testNG_Practices.Child_Class -->
