<?xml version="1.0" encoding="UTF-8"?>
<!-- Generated by org.testng.reporters.JUnitReportReporter -->
<testsuite hostname="DESKTOP-KU9DNDF" failures="0" tests="2" name="testNG_Practices.Login_Scenario" time="0.017" errors="0" timestamp="2024-11-19T13:26:55 IST" skipped="0">
  <testcase classname="testNG_Practices.Login_Scenario" name="Resource" time="0.014"/>
  <system-out/>
  <testcase classname="testNG_Practices.Login_Scenario" name="Update_Resource" time="0.003"/>
  <system-out/>
</testsuite> <!-- testNG_Practices.Login_Scenario -->
