<?xml version="1.0" encoding="UTF-8"?>
<!-- Generated by org.testng.reporters.JUnitReportReporter -->
<testsuite hostname="DESKTOP-KU9DNDF" failures="0" tests="2" name="testNG_Practices.Excecution_Order" time="0.057" errors="0" timestamp="2024-11-17T16:24:27 IST" skipped="0">
  <testcase classname="testNG_Practices.Excecution_Order" name="method01" time="0.051"/>
  <system-out/>
  <testcase classname="testNG_Practices.Excecution_Order" name="method10" time="0.006"/>
  <system-out/>
</testsuite> <!-- testNG_Practices.Excecution_Order -->
